Using pre-set license
Built from '2022.3/staging' branch; Version is '2022.3.36f1 (95a4219250e5) revision 9806881'; Using compiler version '192829333'; Build Type 'Release'
OS: 'Windows 10  (10.0.19045) 64bit Education' Language: 'en' Physical Memory: 32705 MB
BatchMode: 1, IsHumanControllingUs: 0, StartBugReporterOnCrash: 0, Is64bit: 1, IsPro: 1

COMMAND LINE ARGUMENTS:
C:\Program Files\Unity\Hub\Editor\2022.3.36f1\Editor\Unity.exe
-adb2
-batchMode
-noUpm
-name
AssetImportWorker2
-projectPath
G:/Unity Projects/Evaluating_Technologies/Input Controllers
-logFile
Logs/AssetImportWorker2.log
-srvPort
49877
Successfully changed project path to: G:/Unity Projects/Evaluating_Technologies/Input Controllers
G:/Unity Projects/Evaluating_Technologies/Input Controllers
[UnityMemory] Configuration Parameters - Can be set up in boot.config
    "memorysetup-bucket-allocator-granularity=16"
    "memorysetup-bucket-allocator-bucket-count=8"
    "memorysetup-bucket-allocator-block-size=33554432"
    "memorysetup-bucket-allocator-block-count=8"
    "memorysetup-main-allocator-block-size=16777216"
    "memorysetup-thread-allocator-block-size=16777216"
    "memorysetup-gfx-main-allocator-block-size=16777216"
    "memorysetup-gfx-thread-allocator-block-size=16777216"
    "memorysetup-cache-allocator-block-size=4194304"
    "memorysetup-typetree-allocator-block-size=2097152"
    "memorysetup-profiler-bucket-allocator-granularity=16"
    "memorysetup-profiler-bucket-allocator-bucket-count=8"
    "memorysetup-profiler-bucket-allocator-block-size=33554432"
    "memorysetup-profiler-bucket-allocator-block-count=8"
    "memorysetup-profiler-allocator-block-size=16777216"
    "memorysetup-profiler-editor-allocator-block-size=1048576"
    "memorysetup-temp-allocator-size-main=16777216"
    "memorysetup-job-temp-allocator-block-size=2097152"
    "memorysetup-job-temp-allocator-block-size-background=1048576"
    "memorysetup-job-temp-allocator-reduction-small-platforms=262144"
    "memorysetup-allocator-temp-initial-block-size-main=262144"
    "memorysetup-allocator-temp-initial-block-size-worker=262144"
    "memorysetup-temp-allocator-size-background-worker=32768"
    "memorysetup-temp-allocator-size-job-worker=262144"
    "memorysetup-temp-allocator-size-preload-manager=33554432"
    "memorysetup-temp-allocator-size-nav-mesh-worker=65536"
    "memorysetup-temp-allocator-size-audio-worker=65536"
    "memorysetup-temp-allocator-size-cloud-worker=32768"
    "memorysetup-temp-allocator-size-gi-baking-worker=262144"
    "memorysetup-temp-allocator-size-gfx=262144"
Player connection [31596] Host "[IP] 192.168.0.11 [Port] 0 [Flags] 2 [Guid] 2045209133 [EditorId] 2045209133 [Version] 1048832 [Id] WindowsEditor(7,DESKTOP-AGRUNES) [Debug] 1 [PackageName] WindowsEditor [ProjectName] Editor" joined multi-casting on [225.0.0.222:54997]...

Player connection [31596] Host "[IP] 192.168.0.11 [Port] 0 [Flags] 2 [Guid] 2045209133 [EditorId] 2045209133 [Version] 1048832 [Id] WindowsEditor(7,DESKTOP-AGRUNES) [Debug] 1 [PackageName] WindowsEditor [ProjectName] Editor" joined alternative multi-casting on [225.0.0.222:34997]...

[PhysX] Initialized MultithreadedTaskDispatcher with 16 workers.
Refreshing native plugins compatible for Editor in 13.40 ms, found 4 plugins.
Preloading 0 native plugins for Editor in 0.00 ms.
Initialize engine version: 2022.3.36f1 (95a4219250e5)
[Subsystems] Discovering subsystems at path C:/Program Files/Unity/Hub/Editor/2022.3.36f1/Editor/Data/Resources/UnitySubsystems
[Subsystems] Discovering subsystems at path G:/Unity Projects/Evaluating_Technologies/Input Controllers/Assets
GfxDevice: creating device client; threaded=0; jobified=0
Direct3D:
    Version:  Direct3D 11.0 [level 11.1]
    Renderer: NVIDIA GeForce RTX 2060 (ID=0x1f08)
    Vendor:   NVIDIA
    VRAM:     5955 MB
    Driver:   32.0.15.6094
Initialize mono
Mono path[0] = 'C:/Program Files/Unity/Hub/Editor/2022.3.36f1/Editor/Data/Managed'
Mono path[1] = 'C:/Program Files/Unity/Hub/Editor/2022.3.36f1/Editor/Data/MonoBleedingEdge/lib/mono/unityjit-win32'
Mono config path = 'C:/Program Files/Unity/Hub/Editor/2022.3.36f1/Editor/Data/MonoBleedingEdge/etc'
Using monoOptions --debugger-agent=transport=dt_socket,embedding=1,server=y,suspend=n,address=127.0.0.1:56060
Begin MonoManager ReloadAssembly
Registering precompiled unity dll's ...
Register platform support module: C:/Program Files/Unity/Hub/Editor/2022.3.36f1/Editor/Data/PlaybackEngines/WebGLSupport/UnityEditor.WebGL.Extensions.dll
Register platform support module: C:/Program Files/Unity/Hub/Editor/2022.3.36f1/Editor/Data/PlaybackEngines/AndroidPlayer/UnityEditor.Android.Extensions.dll
Register platform support module: C:/Program Files/Unity/Hub/Editor/2022.3.36f1/Editor/Data/PlaybackEngines/WindowsStandaloneSupport/UnityEditor.WindowsStandalone.Extensions.dll
Registered in 0.050514 seconds.
- Loaded All Assemblies, in  0.538 seconds
Native extension for WindowsStandalone target not found
Native extension for Android target not found
Android Extension - Scanning For ADB Devices 290 ms
Native extension for WebGL target not found
Mono: successfully reloaded assembly
- Finished resetting the current domain, in  0.631 seconds
Domain Reload Profiling: 1159ms
	BeginReloadAssembly (182ms)
		ExecutionOrderSort (0ms)
		DisableScriptedObjects (0ms)
		BackupInstance (0ms)
		ReleaseScriptingObjects (0ms)
		CreateAndSetChildDomain (1ms)
	RebuildCommonClasses (36ms)
	RebuildNativeTypeToScriptingClass (10ms)
	initialDomainReloadingComplete (130ms)
	LoadAllAssembliesAndSetupDomain (170ms)
		LoadAssemblies (170ms)
		RebuildTransferFunctionScriptingTraits (0ms)
		AnalyzeDomain (166ms)
			TypeCache.Refresh (165ms)
				TypeCache.ScanAssembly (150ms)
			ScanForSourceGeneratedMonoScriptInfo (0ms)
			ResolveRequiredComponents (0ms)
	FinalizeReload (631ms)
		ReleaseScriptCaches (0ms)
		RebuildScriptCaches (0ms)
		SetupLoadedEditorAssemblies (578ms)
			LogAssemblyErrors (0ms)
			InitializePlatformSupportModulesInManaged (430ms)
			SetLoadedEditorAssemblies (3ms)
			RefreshPlugins (0ms)
			BeforeProcessingInitializeOnLoad (2ms)
			ProcessInitializeOnLoadAttributes (103ms)
			ProcessInitializeOnLoadMethodAttributes (39ms)
			AfterProcessingInitializeOnLoad (0ms)
			EditorAssembliesLoaded (0ms)
		ExecutionOrderSort2 (0ms)
		AwakeInstancesAfterBackupRestoration (0ms)
========================================================================
Worker process is ready to serve import requests
Begin MonoManager ReloadAssembly
- Loaded All Assemblies, in  0.888 seconds
Refreshing native plugins compatible for Editor in 5.81 ms, found 4 plugins.
Native extension for WindowsStandalone target not found
Native extension for Android target not found
Native extension for WebGL target not found
Package Manager log level set to [2]
[Package Manager] Server::EnsureServerProcessIsRunning -- launch failed, reason: Unity was launched with the -noUpm command-line argument
[Package Manager] UpmClient::Send -- Unable to send message (not connected to UPM process).
[Package Manager] Cannot connect to Unity Package Manager local server
Mono: successfully reloaded assembly
- Finished resetting the current domain, in  0.880 seconds
Domain Reload Profiling: 1757ms
	BeginReloadAssembly (231ms)
		ExecutionOrderSort (0ms)
		DisableScriptedObjects (5ms)
		BackupInstance (0ms)
		ReleaseScriptingObjects (0ms)
		CreateAndSetChildDomain (19ms)
	RebuildCommonClasses (37ms)
	RebuildNativeTypeToScriptingClass (9ms)
	initialDomainReloadingComplete (80ms)
	LoadAllAssembliesAndSetupDomain (519ms)
		LoadAssemblies (481ms)
		RebuildTransferFunctionScriptingTraits (0ms)
		AnalyzeDomain (199ms)
			TypeCache.Refresh (173ms)
				TypeCache.ScanAssembly (154ms)
			ScanForSourceGeneratedMonoScriptInfo (20ms)
			ResolveRequiredComponents (5ms)
	FinalizeReload (880ms)
		ReleaseScriptCaches (0ms)
		RebuildScriptCaches (0ms)
		SetupLoadedEditorAssemblies (711ms)
			LogAssemblyErrors (0ms)
			InitializePlatformSupportModulesInManaged (44ms)
			SetLoadedEditorAssemblies (3ms)
			RefreshPlugins (0ms)
			BeforeProcessingInitializeOnLoad (88ms)
			ProcessInitializeOnLoadAttributes (507ms)
			ProcessInitializeOnLoadMethodAttributes (35ms)
			AfterProcessingInitializeOnLoad (34ms)
			EditorAssembliesLoaded (0ms)
		ExecutionOrderSort2 (0ms)
		AwakeInstancesAfterBackupRestoration (8ms)
Launched and connected shader compiler UnityShaderCompiler.exe after 0.04 seconds
Refreshing native plugins compatible for Editor in 5.71 ms, found 4 plugins.
Preloading 0 native plugins for Editor in 0.00 ms.
Unloading 4418 Unused Serialized files (Serialized files now loaded: 0)
Unloading 78 unused Assets / (247.4 KB). Loaded Objects now: 4877.
Memory consumption went from 154.9 MB to 154.6 MB.
Total: 3.692500 ms (FindLiveObjects: 0.292200 ms CreateObjectMapping: 0.281400 ms MarkObjects: 2.917900 ms  DeleteObjects: 0.200100 ms)

AssetImportParameters requested are different than current active one (requested -> active):
  custom:container-demuxer-ogg: 62fdf1f143b41e24485cea50d1cbac27 -> 
  custom:video-decoder-ogg-theora: a1e56fd34408186e4bbccfd4996cb3dc -> 
  custom:framework-win-MediaFoundation: 216162199b28c13a410421893ffa2e32 -> 
  custom:CustomObjectIndexerAttribute: 9a22284fe3817be447336de3de66b15e -> 
  custom:container-demuxer-webm: 4f35f7cbe854078d1ac9338744f61a02 -> 
  custom:container-muxer-webm: aa71ff27fc2769a1b78a27578f13a17b -> 
  custom:video-decoder-webm-vp8: 9c59270c3fd7afecdb556c50c9e8de78 -> 
  custom:SearchIndexIgnoredProperties: e643bd26f0fe6173181afceb89e7c659 -> 
  custom:AudioImporter_EditorPlatform: d09bf68614088b80899f8185d706f6e7 -> 
  custom:video-encoder-webm-vp8: eb34c28f22e8b96e1ab97ce403110664 -> 
  custom:audio-decoder-ogg-vorbis: bf7c407c2cedff20999df2af8eb42d56 -> 
  custom:audio-encoder-webm-vorbis: bf7c407c2cedff20999df2af8eb42d56 -> 
========================================================================
Received Import Request.
  Time since last request: 7846.583241 seconds.
  path: Assets/MDXGames_Textures/Pawns/Pawn_Green.png
  artifactKey: Guid(46a50b623eb7b8e4681f5ed5bf4d3a06) Importer(815301076,1909f56bfc062723c751e8b465ee728b)
Start importing Assets/MDXGames_Textures/Pawns/Pawn_Green.png using Guid(46a50b623eb7b8e4681f5ed5bf4d3a06) Importer(815301076,1909f56bfc062723c751e8b465ee728b) [PhysX] Initialized MultithreadedTaskDispatcher with 16 workers.
[PhysX] Initialized MultithreadedTaskDispatcher with 16 workers.
 -> (artifact id: 'd5ecfc1d2776abd9540ff45de9dee3fe') in 0.086243 seconds
Number of updated asset objects reloaded before import = 0
Number of asset objects unloaded after import = 3
========================================================================
Received Import Request.
  Time since last request: 3.300648 seconds.
  path: Assets/MDXGames_Textures/buttons/Left_Thumb_Move.png
  artifactKey: Guid(14cd2eca866d5874cb7eaad2bc1defb8) Importer(815301076,1909f56bfc062723c751e8b465ee728b)
Start importing Assets/MDXGames_Textures/buttons/Left_Thumb_Move.png using Guid(14cd2eca866d5874cb7eaad2bc1defb8) Importer(815301076,1909f56bfc062723c751e8b465ee728b) [PhysX] Initialized MultithreadedTaskDispatcher with 16 workers.
[PhysX] Initialized MultithreadedTaskDispatcher with 16 workers.
 -> (artifact id: '3bedce412374f6a26b475bc9651f6b66') in 0.040350 seconds
Number of updated asset objects reloaded before import = 0
Number of asset objects unloaded after import = 3
========================================================================
Received Import Request.
  Time since last request: 0.817153 seconds.
  path: Assets/MDXGames_Textures/buttons/Left_Bumper.png
  artifactKey: Guid(426a5a4245674704eab75473053e1720) Importer(815301076,1909f56bfc062723c751e8b465ee728b)
Start importing Assets/MDXGames_Textures/buttons/Left_Bumper.png using Guid(426a5a4245674704eab75473053e1720) Importer(815301076,1909f56bfc062723c751e8b465ee728b) [PhysX] Initialized MultithreadedTaskDispatcher with 16 workers.
[PhysX] Initialized MultithreadedTaskDispatcher with 16 workers.
 -> (artifact id: '6a9ee9d4873b6e1a2c3965186283a232') in 0.050924 seconds
Number of updated asset objects reloaded before import = 0
Number of asset objects unloaded after import = 3
========================================================================
Received Import Request.
  Time since last request: 178.320913 seconds.
  path: Assets/MDXGames_Textures/_Grids/Grid_2000_1000.png
  artifactKey: Guid(58295bb630054124f8fb8a20cb1c5518) Importer(815301076,1909f56bfc062723c751e8b465ee728b)
Start importing Assets/MDXGames_Textures/_Grids/Grid_2000_1000.png using Guid(58295bb630054124f8fb8a20cb1c5518) Importer(815301076,1909f56bfc062723c751e8b465ee728b) [PhysX] Initialized MultithreadedTaskDispatcher with 16 workers.
[PhysX] Initialized MultithreadedTaskDispatcher with 16 workers.
 -> (artifact id: '059ca892d201899714530750d86efe28') in 0.070476 seconds
Number of updated asset objects reloaded before import = 0
Number of asset objects unloaded after import = 3
========================================================================
Received Import Request.
  Time since last request: 0.784394 seconds.
  path: Assets/MDXGames_Textures/buttons/D_Pad.png
  artifactKey: Guid(e0090fd13562bb640a903e2373f0ce4f) Importer(815301076,1909f56bfc062723c751e8b465ee728b)
Start importing Assets/MDXGames_Textures/buttons/D_Pad.png using Guid(e0090fd13562bb640a903e2373f0ce4f) Importer(815301076,1909f56bfc062723c751e8b465ee728b) [PhysX] Initialized MultithreadedTaskDispatcher with 16 workers.
[PhysX] Initialized MultithreadedTaskDispatcher with 16 workers.
 -> (artifact id: '0cd0385ec8190d10f57da7a2c4a9d64e') in 0.148576 seconds
Number of updated asset objects reloaded before import = 0
Number of asset objects unloaded after import = 3
========================================================================
Received Import Request.
  Time since last request: 0.150775 seconds.
  path: Assets/MDXGames_Textures/Circles/Circle_Red.png
  artifactKey: Guid(457e68d64c6020c4fb9efee91a25b378) Importer(815301076,1909f56bfc062723c751e8b465ee728b)
Start importing Assets/MDXGames_Textures/Circles/Circle_Red.png using Guid(457e68d64c6020c4fb9efee91a25b378) Importer(815301076,1909f56bfc062723c751e8b465ee728b) [PhysX] Initialized MultithreadedTaskDispatcher with 16 workers.
[PhysX] Initialized MultithreadedTaskDispatcher with 16 workers.
 -> (artifact id: 'a2ca00115110560ce482376a947806a4') in 0.052199 seconds
Number of updated asset objects reloaded before import = 0
Number of asset objects unloaded after import = 3
========================================================================
Received Import Request.
  Time since last request: 0.217356 seconds.
  path: Assets/MDXGames_Textures/Circles/Circle_Grey.png
  artifactKey: Guid(43f76de75915fde4f954e50662d76522) Importer(815301076,1909f56bfc062723c751e8b465ee728b)
Start importing Assets/MDXGames_Textures/Circles/Circle_Grey.png using Guid(43f76de75915fde4f954e50662d76522) Importer(815301076,1909f56bfc062723c751e8b465ee728b) [PhysX] Initialized MultithreadedTaskDispatcher with 16 workers.
[PhysX] Initialized MultithreadedTaskDispatcher with 16 workers.
 -> (artifact id: 'c4a6bc4e700483644f566420a2a539e8') in 0.014033 seconds
Number of updated asset objects reloaded before import = 0
Number of asset objects unloaded after import = 3
========================================================================
Received Import Request.
  Time since last request: 0.344411 seconds.
  path: Assets/MDXGames_Textures/Circles/Circle_Blue.png
  artifactKey: Guid(42aa25202d70af54b87be1da7d02f7d9) Importer(815301076,1909f56bfc062723c751e8b465ee728b)
Start importing Assets/MDXGames_Textures/Circles/Circle_Blue.png using Guid(42aa25202d70af54b87be1da7d02f7d9) Importer(815301076,1909f56bfc062723c751e8b465ee728b) [PhysX] Initialized MultithreadedTaskDispatcher with 16 workers.
[PhysX] Initialized MultithreadedTaskDispatcher with 16 workers.
 -> (artifact id: '1d7bff39ff6f95241af33cd15589e021') in 0.014630 seconds
Number of updated asset objects reloaded before import = 0
Number of asset objects unloaded after import = 3
========================================================================
Received Import Request.
  Time since last request: 0.080009 seconds.
  path: Assets/MDXGames_Textures/buttons/B_Button.png
  artifactKey: Guid(eb3192cc35fbb4344bd243dfc8d6f7f4) Importer(815301076,1909f56bfc062723c751e8b465ee728b)
Start importing Assets/MDXGames_Textures/buttons/B_Button.png using Guid(eb3192cc35fbb4344bd243dfc8d6f7f4) Importer(815301076,1909f56bfc062723c751e8b465ee728b) [PhysX] Initialized MultithreadedTaskDispatcher with 16 workers.
[PhysX] Initialized MultithreadedTaskDispatcher with 16 workers.
 -> (artifact id: '9c5171fdf2fb89b109587a21c0ebb714') in 0.011020 seconds
Number of updated asset objects reloaded before import = 0
Number of asset objects unloaded after import = 3
========================================================================
Received Import Request.
  Time since last request: 0.410374 seconds.
  path: Assets/MDXGames_Textures/buttons/A_Button.png
  artifactKey: Guid(1e1732ebf1360a3458fbe87608822bd6) Importer(815301076,1909f56bfc062723c751e8b465ee728b)
Start importing Assets/MDXGames_Textures/buttons/A_Button.png using Guid(1e1732ebf1360a3458fbe87608822bd6) Importer(815301076,1909f56bfc062723c751e8b465ee728b) [PhysX] Initialized MultithreadedTaskDispatcher with 16 workers.
[PhysX] Initialized MultithreadedTaskDispatcher with 16 workers.
 -> (artifact id: 'd1c0a76c841e157147ede6bba2747d9e') in 0.008290 seconds
Number of updated asset objects reloaded before import = 0
Number of asset objects unloaded after import = 3
========================================================================
Received Import Request.
  Time since last request: 134.803739 seconds.
  path: Assets/Prefabs/Canvas.prefab
  artifactKey: Guid(9b30b91857e5e534fa3d2fddbd92fb7d) Importer(815301076,1909f56bfc062723c751e8b465ee728b)
Start importing Assets/Prefabs/Canvas.prefab using Guid(9b30b91857e5e534fa3d2fddbd92fb7d) Importer(815301076,1909f56bfc062723c751e8b465ee728b) [PhysX] Initialized MultithreadedTaskDispatcher with 16 workers.
 -> (artifact id: '004ed176373914c059ff70b4c4b6ceb4') in 0.020612 seconds
Number of updated asset objects reloaded before import = 0
Number of asset objects unloaded after import = 155
========================================================================
Received Import Request.
  Time since last request: 62.175246 seconds.
  path: Assets/Prefabs/Controlls Info Canvas.prefab
  artifactKey: Guid(9b30b91857e5e534fa3d2fddbd92fb7d) Importer(815301076,1909f56bfc062723c751e8b465ee728b)
Start importing Assets/Prefabs/Controlls Info Canvas.prefab using Guid(9b30b91857e5e534fa3d2fddbd92fb7d) Importer(815301076,1909f56bfc062723c751e8b465ee728b) [PhysX] Initialized MultithreadedTaskDispatcher with 16 workers.
 -> (artifact id: 'b6d1593fda394129bb5b6fa94113a65d') in 0.007088 seconds
Number of updated asset objects reloaded before import = 0
Number of asset objects unloaded after import = 155
========================================================================
Received Import Request.
  Time since last request: 2270.335422 seconds.
  path: Assets/MDXGames_Textures/ButtonPSD
  artifactKey: Guid(2a2e11e5485aff849800aad1f892edee) Importer(815301076,1909f56bfc062723c751e8b465ee728b)
Start importing Assets/MDXGames_Textures/ButtonPSD using Guid(2a2e11e5485aff849800aad1f892edee) Importer(815301076,1909f56bfc062723c751e8b465ee728b) [PhysX] Initialized MultithreadedTaskDispatcher with 16 workers.
 -> (artifact id: '0a388f2cfb30d8049f8ec7a1e41d6dc2') in 0.000564 seconds
Number of updated asset objects reloaded before import = 0
Number of asset objects unloaded after import = 0
========================================================================
Received Import Request.
  Time since last request: 0.619741 seconds.
  path: Assets/MDXGames_Textures/ButtonPSD/AllButtons.psd
  artifactKey: Guid(7d7d3f3e342c2b84ab90ec307799bf0b) Importer(815301076,1909f56bfc062723c751e8b465ee728b)
Start importing Assets/MDXGames_Textures/ButtonPSD/AllButtons.psd using Guid(7d7d3f3e342c2b84ab90ec307799bf0b) Importer(815301076,1909f56bfc062723c751e8b465ee728b) [PhysX] Initialized MultithreadedTaskDispatcher with 16 workers.
[PhysX] Initialized MultithreadedTaskDispatcher with 16 workers.
 -> (artifact id: '19798888fc4b2f7063c92870298a80a2') in 0.016724 seconds
Number of updated asset objects reloaded before import = 0
Number of asset objects unloaded after import = 3
========================================================================
Received Import Request.
  Time since last request: 67.334642 seconds.
  path: Assets/MDXGames_Textures/button100
  artifactKey: Guid(de59ed3314408834ebca547aad5b5d66) Importer(815301076,1909f56bfc062723c751e8b465ee728b)
Start importing Assets/MDXGames_Textures/button100 using Guid(de59ed3314408834ebca547aad5b5d66) Importer(815301076,1909f56bfc062723c751e8b465ee728b) [PhysX] Initialized MultithreadedTaskDispatcher with 16 workers.
 -> (artifact id: '41ff0b25a7be92f9d98c4de0aac0827c') in 0.000422 seconds
Number of updated asset objects reloaded before import = 0
Number of asset objects unloaded after import = 0
========================================================================
Received Import Request.
  Time since last request: 0.082830 seconds.
  path: Assets/MDXGames_Textures/button100/AButton.png
  artifactKey: Guid(fff7f70170003334ab0dfbc80e3fcdf2) Importer(815301076,1909f56bfc062723c751e8b465ee728b)
Start importing Assets/MDXGames_Textures/button100/AButton.png using Guid(fff7f70170003334ab0dfbc80e3fcdf2) Importer(815301076,1909f56bfc062723c751e8b465ee728b) [PhysX] Initialized MultithreadedTaskDispatcher with 16 workers.
[PhysX] Initialized MultithreadedTaskDispatcher with 16 workers.
 -> (artifact id: '7735b834128e6083b9a9a01c1db9d406') in 0.010003 seconds
Number of updated asset objects reloaded before import = 0
Number of asset objects unloaded after import = 3
========================================================================
Received Import Request.
  Time since last request: 0.000293 seconds.
  path: Assets/MDXGames_Textures/button100/LTPress.png
  artifactKey: Guid(3e076d6ff5dff3c409fef6d8abb62ac5) Importer(815301076,1909f56bfc062723c751e8b465ee728b)
Start importing Assets/MDXGames_Textures/button100/LTPress.png using Guid(3e076d6ff5dff3c409fef6d8abb62ac5) Importer(815301076,1909f56bfc062723c751e8b465ee728b) [PhysX] Initialized MultithreadedTaskDispatcher with 16 workers.
[PhysX] Initialized MultithreadedTaskDispatcher with 16 workers.
 -> (artifact id: 'a7cfe072bd939e10134d6a6c8ca72a0f') in 0.009178 seconds
Number of updated asset objects reloaded before import = 0
Number of asset objects unloaded after import = 3
========================================================================
Received Import Request.
  Time since last request: 0.000770 seconds.
  path: Assets/MDXGames_Textures/button100/LBumper.png
  artifactKey: Guid(9ddde3615caf24748a16d06550eccca4) Importer(815301076,1909f56bfc062723c751e8b465ee728b)
Start importing Assets/MDXGames_Textures/button100/LBumper.png using Guid(9ddde3615caf24748a16d06550eccca4) Importer(815301076,1909f56bfc062723c751e8b465ee728b) [PhysX] Initialized MultithreadedTaskDispatcher with 16 workers.
[PhysX] Initialized MultithreadedTaskDispatcher with 16 workers.
 -> (artifact id: 'ed2963df96061d2dd1e326ca882ae66a') in 0.022938 seconds
Number of updated asset objects reloaded before import = 0
Number of asset objects unloaded after import = 3
========================================================================
Received Import Request.
  Time since last request: 0.000017 seconds.
  path: Assets/MDXGames_Textures/button100/YButton.png
  artifactKey: Guid(0cd7189f17700a64a8a23bd3e718d83b) Importer(815301076,1909f56bfc062723c751e8b465ee728b)
Start importing Assets/MDXGames_Textures/button100/YButton.png using Guid(0cd7189f17700a64a8a23bd3e718d83b) Importer(815301076,1909f56bfc062723c751e8b465ee728b) [PhysX] Initialized MultithreadedTaskDispatcher with 16 workers.
[PhysX] Initialized MultithreadedTaskDispatcher with 16 workers.
 -> (artifact id: '48f74eae589f96fef361dc8612c0883a') in 0.080755 seconds
Number of updated asset objects reloaded before import = 0
Number of asset objects unloaded after import = 3
========================================================================
Received Import Request.
  Time since last request: 0.000016 seconds.
  path: Assets/MDXGames_Textures/button100/RTPress.png
  artifactKey: Guid(96a719b1bf89dd141b5b73d4991cfc10) Importer(815301076,1909f56bfc062723c751e8b465ee728b)
Start importing Assets/MDXGames_Textures/button100/RTPress.png using Guid(96a719b1bf89dd141b5b73d4991cfc10) Importer(815301076,1909f56bfc062723c751e8b465ee728b) [PhysX] Initialized MultithreadedTaskDispatcher with 16 workers.
[PhysX] Initialized MultithreadedTaskDispatcher with 16 workers.
 -> (artifact id: '83b3b87900d3a071ddb21e730a9fa621') in 0.030124 seconds
Number of updated asset objects reloaded before import = 0
Number of asset objects unloaded after import = 3
========================================================================
Received Import Request.
  Time since last request: 0.000020 seconds.
  path: Assets/MDXGames_Textures/button100/MenuButton.png
  artifactKey: Guid(b1bdef889c4be294dbe306d42c33ecba) Importer(815301076,1909f56bfc062723c751e8b465ee728b)
Start importing Assets/MDXGames_Textures/button100/MenuButton.png using Guid(b1bdef889c4be294dbe306d42c33ecba) Importer(815301076,1909f56bfc062723c751e8b465ee728b) [PhysX] Initialized MultithreadedTaskDispatcher with 16 workers.
[PhysX] Initialized MultithreadedTaskDispatcher with 16 workers.
 -> (artifact id: '564360f4c3b98bc1aad611c467825c58') in 0.083868 seconds
Number of updated asset objects reloaded before import = 0
Number of asset objects unloaded after import = 3
Editor requested this worker to shutdown with reason: Scaling down because of idle timeout
TcpMessagingSession - receive error: operation aborted. errorcode: 995, details: The I/O operation has been aborted because of either a thread exit or an application request.
AssetImportWorker is now disconnected from the server
Process exiting
Exiting without the bug reporter. Application will terminate with return code 0